<?xml version="1.0" encoding="UTF-8"?>
<testng-results skipped="0" failed="4" ignored="0" total="4" passed="0">
  <reporter-output>
  </reporter-output>
  <suite name="Default suite" duration-ms="75031" started-at="2020-07-01T12:19:17 IST" finished-at="2020-07-01T12:20:32 IST">
    <groups>
    </groups>
    <test name="Default test" duration-ms="75031" started-at="2020-07-01T12:19:17 IST" finished-at="2020-07-01T12:20:32 IST">
      <class name="com.propine.main.mainClass">
        <test-method status="PASS" signature="getsite()[pri:0, instance:com.propine.main.mainClass@4b1c1ea0]" name="getsite" is-config="true" duration-ms="14387" started-at="2020-07-01T12:19:17 IST" finished-at="2020-07-01T12:19:32 IST">
          <reporter-output>
          </reporter-output>
        </test-method> <!-- getsite -->
        <test-method status="FAIL" signature="callparseDate(java.lang.String)[pri:0, instance:com.propine.main.mainClass@4b1c1ea0]" name="callparseDate" duration-ms="47" started-at="2020-07-01T12:19:32 IST" data-provider="getData" finished-at="2020-07-01T12:19:32 IST">
          <params>
            <param index="0">
              <value is-null="true"/>
            </param>
          </params>
          <exception class="java.lang.IllegalArgumentException">
            <message>
              <![CDATA[Keys to send should be a not null CharSequence]]>
            </message>
            <full-stacktrace>
              <![CDATA[java.lang.IllegalArgumentException: Keys to send should be a not null CharSequence
at org.openqa.selenium.remote.RemoteWebElement.sendKeys(RemoteWebElement.java:97)
at com.propine.pom.parseDate.inputDate(parseDate.java:16)
at com.propine.main.mainClass.callparseDate(mainClass.java:35)
at sun.reflect.NativeMethodAccessorImpl.invoke0(Native Method)
at sun.reflect.NativeMethodAccessorImpl.invoke(NativeMethodAccessorImpl.java:62)
at sun.reflect.DelegatingMethodAccessorImpl.invoke(DelegatingMethodAccessorImpl.java:43)
at java.lang.reflect.Method.invoke(Method.java:498)
at org.testng.internal.MethodInvocationHelper.invokeMethod(MethodInvocationHelper.java:135)
at org.testng.internal.TestInvoker.invokeMethod(TestInvoker.java:598)
at org.testng.internal.TestInvoker.invokeTestMethod(TestInvoker.java:174)
at org.testng.internal.MethodRunner.runInSequence(MethodRunner.java:46)
at org.testng.internal.TestInvoker$MethodInvocationAgent.invoke(TestInvoker.java:821)
at org.testng.internal.TestInvoker.invokeTestMethods(TestInvoker.java:147)
at org.testng.internal.TestMethodWorker.invokeTestMethods(TestMethodWorker.java:146)
at org.testng.internal.TestMethodWorker.run(TestMethodWorker.java:128)
at java.util.ArrayList.forEach(ArrayList.java:1257)
at org.testng.TestRunner.privateRun(TestRunner.java:767)
at org.testng.TestRunner.run(TestRunner.java:588)
at org.testng.SuiteRunner.runTest(SuiteRunner.java:384)
at org.testng.SuiteRunner.runSequentially(SuiteRunner.java:378)
at org.testng.SuiteRunner.privateRun(SuiteRunner.java:337)
at org.testng.SuiteRunner.run(SuiteRunner.java:286)
at org.testng.SuiteRunnerWorker.runSuite(SuiteRunnerWorker.java:53)
at org.testng.SuiteRunnerWorker.run(SuiteRunnerWorker.java:96)
at org.testng.TestNG.runSuitesSequentially(TestNG.java:1214)
at org.testng.TestNG.runSuitesLocally(TestNG.java:1136)
at org.testng.TestNG.runSuites(TestNG.java:1066)
at org.testng.TestNG.run(TestNG.java:1034)
at org.testng.remote.AbstractRemoteTestNG.run(AbstractRemoteTestNG.java:115)
at org.testng.remote.RemoteTestNG.initAndRun(RemoteTestNG.java:251)
at org.testng.remote.RemoteTestNG.main(RemoteTestNG.java:77)
]]>
            </full-stacktrace>
          </exception> <!-- java.lang.IllegalArgumentException -->
          <reporter-output>
          </reporter-output>
        </test-method> <!-- callparseDate -->
        <test-method status="PASS" signature="closebrowser()[pri:0, instance:com.propine.main.mainClass@4b1c1ea0]" name="closebrowser" is-config="true" duration-ms="860" started-at="2020-07-01T12:19:32 IST" finished-at="2020-07-01T12:19:33 IST">
          <reporter-output>
          </reporter-output>
        </test-method> <!-- closebrowser -->
        <test-method status="PASS" signature="getsite()[pri:0, instance:com.propine.main.mainClass@4b1c1ea0]" name="getsite" is-config="true" duration-ms="11201" started-at="2020-07-01T12:19:33 IST" finished-at="2020-07-01T12:19:44 IST">
          <reporter-output>
          </reporter-output>
        </test-method> <!-- getsite -->
        <test-method status="FAIL" signature="callparseDate(java.lang.String)[pri:0, instance:com.propine.main.mainClass@4b1c1ea0]" name="callparseDate" duration-ms="7115" started-at="2020-07-01T12:19:44 IST" data-provider="getData" finished-at="2020-07-01T12:19:51 IST">
          <params>
            <param index="0">
              <value>
                <![CDATA[Mar-17-2020]]>
              </value>
            </param>
          </params>
          <exception class="java.io.IOException">
            <message>
              <![CDATA[Destination 'D:\Workspace\DateParser\ScreenshotD:\Workspace\dateParserAutomation\screenshot' directory cannot be created]]>
            </message>
            <full-stacktrace>
              <![CDATA[java.io.IOException: Destination 'D:\Workspace\DateParser\ScreenshotD:\Workspace\dateParserAutomation\screenshot' directory cannot be created
at org.apache.commons.io.FileUtils.copyFile(FileUtils.java:1070)
at org.apache.commons.io.FileUtils.copyFile(FileUtils.java:1028)
at com.propine.utilities.captureScreenshot.takescreenshot(captureScreenshot.java:17)
at com.propine.main.mainClass.callparseDate(mainClass.java:37)
at sun.reflect.NativeMethodAccessorImpl.invoke0(Native Method)
at sun.reflect.NativeMethodAccessorImpl.invoke(NativeMethodAccessorImpl.java:62)
at sun.reflect.DelegatingMethodAccessorImpl.invoke(DelegatingMethodAccessorImpl.java:43)
at java.lang.reflect.Method.invoke(Method.java:498)
at org.testng.internal.MethodInvocationHelper.invokeMethod(MethodInvocationHelper.java:135)
at org.testng.internal.TestInvoker.invokeMethod(TestInvoker.java:598)
at org.testng.internal.TestInvoker.invokeTestMethod(TestInvoker.java:174)
at org.testng.internal.MethodRunner.runInSequence(MethodRunner.java:46)
at org.testng.internal.TestInvoker$MethodInvocationAgent.invoke(TestInvoker.java:821)
at org.testng.internal.TestInvoker.invokeTestMethods(TestInvoker.java:147)
at org.testng.internal.TestMethodWorker.invokeTestMethods(TestMethodWorker.java:146)
at org.testng.internal.TestMethodWorker.run(TestMethodWorker.java:128)
at java.util.ArrayList.forEach(ArrayList.java:1257)
at org.testng.TestRunner.privateRun(TestRunner.java:767)
at org.testng.TestRunner.run(TestRunner.java:588)
at org.testng.SuiteRunner.runTest(SuiteRunner.java:384)
at org.testng.SuiteRunner.runSequentially(SuiteRunner.java:378)
at org.testng.SuiteRunner.privateRun(SuiteRunner.java:337)
at org.testng.SuiteRunner.run(SuiteRunner.java:286)
at org.testng.SuiteRunnerWorker.runSuite(SuiteRunnerWorker.java:53)
at org.testng.SuiteRunnerWorker.run(SuiteRunnerWorker.java:96)
at org.testng.TestNG.runSuitesSequentially(TestNG.java:1214)
at org.testng.TestNG.runSuitesLocally(TestNG.java:1136)
at org.testng.TestNG.runSuites(TestNG.java:1066)
at org.testng.TestNG.run(TestNG.java:1034)
at org.testng.remote.AbstractRemoteTestNG.run(AbstractRemoteTestNG.java:115)
at org.testng.remote.RemoteTestNG.initAndRun(RemoteTestNG.java:251)
at org.testng.remote.RemoteTestNG.main(RemoteTestNG.java:77)
]]>
            </full-stacktrace>
          </exception> <!-- java.io.IOException -->
          <reporter-output>
          </reporter-output>
        </test-method> <!-- callparseDate -->
        <test-method status="PASS" signature="closebrowser()[pri:0, instance:com.propine.main.mainClass@4b1c1ea0]" name="closebrowser" is-config="true" duration-ms="960" started-at="2020-07-01T12:19:51 IST" finished-at="2020-07-01T12:19:52 IST">
          <reporter-output>
          </reporter-output>
        </test-method> <!-- closebrowser -->
        <test-method status="PASS" signature="getsite()[pri:0, instance:com.propine.main.mainClass@4b1c1ea0]" name="getsite" is-config="true" duration-ms="14147" started-at="2020-07-01T12:19:52 IST" finished-at="2020-07-01T12:20:06 IST">
          <reporter-output>
          </reporter-output>
        </test-method> <!-- getsite -->
        <test-method status="FAIL" signature="callparseDate(java.lang.String)[pri:0, instance:com.propine.main.mainClass@4b1c1ea0]" name="callparseDate" duration-ms="6850" started-at="2020-07-01T12:20:06 IST" data-provider="getData" finished-at="2020-07-01T12:20:13 IST">
          <params>
            <param index="0">
              <value>
                <![CDATA[March-17-2020]]>
              </value>
            </param>
          </params>
          <exception class="java.io.IOException">
            <message>
              <![CDATA[Destination 'D:\Workspace\DateParser\ScreenshotD:\Workspace\dateParserAutomation\screenshot' directory cannot be created]]>
            </message>
            <full-stacktrace>
              <![CDATA[java.io.IOException: Destination 'D:\Workspace\DateParser\ScreenshotD:\Workspace\dateParserAutomation\screenshot' directory cannot be created
at org.apache.commons.io.FileUtils.copyFile(FileUtils.java:1070)
at org.apache.commons.io.FileUtils.copyFile(FileUtils.java:1028)
at com.propine.utilities.captureScreenshot.takescreenshot(captureScreenshot.java:17)
at com.propine.main.mainClass.callparseDate(mainClass.java:37)
at sun.reflect.NativeMethodAccessorImpl.invoke0(Native Method)
at sun.reflect.NativeMethodAccessorImpl.invoke(NativeMethodAccessorImpl.java:62)
at sun.reflect.DelegatingMethodAccessorImpl.invoke(DelegatingMethodAccessorImpl.java:43)
at java.lang.reflect.Method.invoke(Method.java:498)
at org.testng.internal.MethodInvocationHelper.invokeMethod(MethodInvocationHelper.java:135)
at org.testng.internal.TestInvoker.invokeMethod(TestInvoker.java:598)
at org.testng.internal.TestInvoker.invokeTestMethod(TestInvoker.java:174)
at org.testng.internal.MethodRunner.runInSequence(MethodRunner.java:46)
at org.testng.internal.TestInvoker$MethodInvocationAgent.invoke(TestInvoker.java:821)
at org.testng.internal.TestInvoker.invokeTestMethods(TestInvoker.java:147)
at org.testng.internal.TestMethodWorker.invokeTestMethods(TestMethodWorker.java:146)
at org.testng.internal.TestMethodWorker.run(TestMethodWorker.java:128)
at java.util.ArrayList.forEach(ArrayList.java:1257)
at org.testng.TestRunner.privateRun(TestRunner.java:767)
at org.testng.TestRunner.run(TestRunner.java:588)
at org.testng.SuiteRunner.runTest(SuiteRunner.java:384)
at org.testng.SuiteRunner.runSequentially(SuiteRunner.java:378)
at org.testng.SuiteRunner.privateRun(SuiteRunner.java:337)
at org.testng.SuiteRunner.run(SuiteRunner.java:286)
at org.testng.SuiteRunnerWorker.runSuite(SuiteRunnerWorker.java:53)
at org.testng.SuiteRunnerWorker.run(SuiteRunnerWorker.java:96)
at org.testng.TestNG.runSuitesSequentially(TestNG.java:1214)
at org.testng.TestNG.runSuitesLocally(TestNG.java:1136)
at org.testng.TestNG.runSuites(TestNG.java:1066)
at org.testng.TestNG.run(TestNG.java:1034)
at org.testng.remote.AbstractRemoteTestNG.run(AbstractRemoteTestNG.java:115)
at org.testng.remote.RemoteTestNG.initAndRun(RemoteTestNG.java:251)
at org.testng.remote.RemoteTestNG.main(RemoteTestNG.java:77)
]]>
            </full-stacktrace>
          </exception> <!-- java.io.IOException -->
          <reporter-output>
          </reporter-output>
        </test-method> <!-- callparseDate -->
        <test-method status="PASS" signature="closebrowser()[pri:0, instance:com.propine.main.mainClass@4b1c1ea0]" name="closebrowser" is-config="true" duration-ms="856" started-at="2020-07-01T12:20:13 IST" finished-at="2020-07-01T12:20:14 IST">
          <reporter-output>
          </reporter-output>
        </test-method> <!-- closebrowser -->
        <test-method status="PASS" signature="getsite()[pri:0, instance:com.propine.main.mainClass@4b1c1ea0]" name="getsite" is-config="true" duration-ms="10620" started-at="2020-07-01T12:20:14 IST" finished-at="2020-07-01T12:20:25 IST">
          <reporter-output>
          </reporter-output>
        </test-method> <!-- getsite -->
        <test-method status="FAIL" signature="callparseDate(java.lang.String)[pri:0, instance:com.propine.main.mainClass@4b1c1ea0]" name="callparseDate" duration-ms="6629" started-at="2020-07-01T12:20:25 IST" data-provider="getData" finished-at="2020-07-01T12:20:31 IST">
          <params>
            <param index="0">
              <value>
                <![CDATA[March-17-20]]>
              </value>
            </param>
          </params>
          <exception class="java.io.IOException">
            <message>
              <![CDATA[Destination 'D:\Workspace\DateParser\ScreenshotD:\Workspace\dateParserAutomation\screenshot' directory cannot be created]]>
            </message>
            <full-stacktrace>
              <![CDATA[java.io.IOException: Destination 'D:\Workspace\DateParser\ScreenshotD:\Workspace\dateParserAutomation\screenshot' directory cannot be created
at org.apache.commons.io.FileUtils.copyFile(FileUtils.java:1070)
at org.apache.commons.io.FileUtils.copyFile(FileUtils.java:1028)
at com.propine.utilities.captureScreenshot.takescreenshot(captureScreenshot.java:17)
at com.propine.main.mainClass.callparseDate(mainClass.java:37)
at sun.reflect.NativeMethodAccessorImpl.invoke0(Native Method)
at sun.reflect.NativeMethodAccessorImpl.invoke(NativeMethodAccessorImpl.java:62)
at sun.reflect.DelegatingMethodAccessorImpl.invoke(DelegatingMethodAccessorImpl.java:43)
at java.lang.reflect.Method.invoke(Method.java:498)
at org.testng.internal.MethodInvocationHelper.invokeMethod(MethodInvocationHelper.java:135)
at org.testng.internal.TestInvoker.invokeMethod(TestInvoker.java:598)
at org.testng.internal.TestInvoker.invokeTestMethod(TestInvoker.java:174)
at org.testng.internal.MethodRunner.runInSequence(MethodRunner.java:46)
at org.testng.internal.TestInvoker$MethodInvocationAgent.invoke(TestInvoker.java:821)
at org.testng.internal.TestInvoker.invokeTestMethods(TestInvoker.java:147)
at org.testng.internal.TestMethodWorker.invokeTestMethods(TestMethodWorker.java:146)
at org.testng.internal.TestMethodWorker.run(TestMethodWorker.java:128)
at java.util.ArrayList.forEach(ArrayList.java:1257)
at org.testng.TestRunner.privateRun(TestRunner.java:767)
at org.testng.TestRunner.run(TestRunner.java:588)
at org.testng.SuiteRunner.runTest(SuiteRunner.java:384)
at org.testng.SuiteRunner.runSequentially(SuiteRunner.java:378)
at org.testng.SuiteRunner.privateRun(SuiteRunner.java:337)
at org.testng.SuiteRunner.run(SuiteRunner.java:286)
at org.testng.SuiteRunnerWorker.runSuite(SuiteRunnerWorker.java:53)
at org.testng.SuiteRunnerWorker.run(SuiteRunnerWorker.java:96)
at org.testng.TestNG.runSuitesSequentially(TestNG.java:1214)
at org.testng.TestNG.runSuitesLocally(TestNG.java:1136)
at org.testng.TestNG.runSuites(TestNG.java:1066)
at org.testng.TestNG.run(TestNG.java:1034)
at org.testng.remote.AbstractRemoteTestNG.run(AbstractRemoteTestNG.java:115)
at org.testng.remote.RemoteTestNG.initAndRun(RemoteTestNG.java:251)
at org.testng.remote.RemoteTestNG.main(RemoteTestNG.java:77)
]]>
            </full-stacktrace>
          </exception> <!-- java.io.IOException -->
          <reporter-output>
          </reporter-output>
        </test-method> <!-- callparseDate -->
        <test-method status="PASS" signature="closebrowser()[pri:0, instance:com.propine.main.mainClass@4b1c1ea0]" name="closebrowser" is-config="true" duration-ms="823" started-at="2020-07-01T12:20:31 IST" finished-at="2020-07-01T12:20:32 IST">
          <reporter-output>
          </reporter-output>
        </test-method> <!-- closebrowser -->
      </class> <!-- com.propine.main.mainClass -->
    </test> <!-- Default test -->
  </suite> <!-- Default suite -->
</testng-results>
